Determining if the pthread_create exist failed with the following output:
Change Dir: /home/lihao/workspace/opencv/SLAM/mycode/slamboot/ch13/dense_rgbd_octomap/cmake-build-debug/CMakeFiles/CMakeTmp

Run Build Command:"/usr/bin/make" "cmTC_c8148/fast"
/usr/bin/make -f CMakeFiles/cmTC_c8148.dir/build.make CMakeFiles/cmTC_c8148.dir/build
make[1]: Entering directory '/home/lihao/workspace/opencv/SLAM/mycode/slamboot/ch13/dense_rgbd_octomap/cmake-build-debug/CMakeFiles/CMakeTmp'
Building C object CMakeFiles/cmTC_c8148.dir/CheckSymbolExists.c.o
/usr/bin/cc    -o CMakeFiles/cmTC_c8148.dir/CheckSymbolExists.c.o   -c /home/lihao/workspace/opencv/SLAM/mycode/slamboot/ch13/dense_rgbd_octomap/cmake-build-debug/CMakeFiles/CMakeTmp/CheckSymbolExists.c
Linking C executable cmTC_c8148
/home/lihao/software/clion-2018.3.4/bin/cmake/linux/bin/cmake -E cmake_link_script CMakeFiles/cmTC_c8148.dir/link.txt --verbose=1
/usr/bin/cc      CMakeFiles/cmTC_c8148.dir/CheckSymbolExists.c.o  -o cmTC_c8148 
CMakeFiles/cmTC_c8148.dir/CheckSymbolExists.c.o: In function `main':
CheckSymbolExists.c:(.text+0x16): undefined reference to `pthread_create'
collect2: error: ld returned 1 exit status
CMakeFiles/cmTC_c8148.dir/build.make:86: recipe for target 'cmTC_c8148' failed
make[1]: *** [cmTC_c8148] Error 1
make[1]: Leaving directory '/home/lihao/workspace/opencv/SLAM/mycode/slamboot/ch13/dense_rgbd_octomap/cmake-build-debug/CMakeFiles/CMakeTmp'
Makefile:121: recipe for target 'cmTC_c8148/fast' failed
make: *** [cmTC_c8148/fast] Error 2

File /home/lihao/workspace/opencv/SLAM/mycode/slamboot/ch13/dense_rgbd_octomap/cmake-build-debug/CMakeFiles/CMakeTmp/CheckSymbolExists.c:
/* */
#include <pthread.h>

int main(int argc, char** argv)
{
  (void)argv;
#ifndef pthread_create
  return ((int*)(&pthread_create))[argc];
#else
  (void)argc;
  return 0;
#endif
}

Determining if the function pthread_create exists in the pthreads failed with the following output:
Change Dir: /home/lihao/workspace/opencv/SLAM/mycode/slamboot/ch13/dense_rgbd_octomap/cmake-build-debug/CMakeFiles/CMakeTmp

Run Build Command:"/usr/bin/make" "cmTC_18f8c/fast"
/usr/bin/make -f CMakeFiles/cmTC_18f8c.dir/build.make CMakeFiles/cmTC_18f8c.dir/build
make[1]: Entering directory '/home/lihao/workspace/opencv/SLAM/mycode/slamboot/ch13/dense_rgbd_octomap/cmake-build-debug/CMakeFiles/CMakeTmp'
Building C object CMakeFiles/cmTC_18f8c.dir/CheckFunctionExists.c.o
/usr/bin/cc   -DCHECK_FUNCTION_EXISTS=pthread_create   -o CMakeFiles/cmTC_18f8c.dir/CheckFunctionExists.c.o   -c /home/lihao/software/clion-2018.3.4/bin/cmake/linux/share/cmake-3.13/Modules/CheckFunctionExists.c
Linking C executable cmTC_18f8c
/home/lihao/software/clion-2018.3.4/bin/cmake/linux/bin/cmake -E cmake_link_script CMakeFiles/cmTC_18f8c.dir/link.txt --verbose=1
/usr/bin/cc  -DCHECK_FUNCTION_EXISTS=pthread_create    CMakeFiles/cmTC_18f8c.dir/CheckFunctionExists.c.o  -o cmTC_18f8c -lpthreads 
/usr/bin/ld: cannot find -lpthreads
collect2: error: ld returned 1 exit status
CMakeFiles/cmTC_18f8c.dir/build.make:86: recipe for target 'cmTC_18f8c' failed
make[1]: *** [cmTC_18f8c] Error 1
make[1]: Leaving directory '/home/lihao/workspace/opencv/SLAM/mycode/slamboot/ch13/dense_rgbd_octomap/cmake-build-debug/CMakeFiles/CMakeTmp'
Makefile:121: recipe for target 'cmTC_18f8c/fast' failed
make: *** [cmTC_18f8c/fast] Error 2


