Determining if the pthread_create exist failed with the following output:
Change Dir: /home/lihao/workspace/opencv/SLAM/mycode/slamboot/ch11/pose_graph_ceres_rotatevector/cmake-build-debug/CMakeFiles/CMakeTmp

Run Build Command:"/usr/bin/make" "cmTC_10d59/fast"
/usr/bin/make -f CMakeFiles/cmTC_10d59.dir/build.make CMakeFiles/cmTC_10d59.dir/build
make[1]: Entering directory '/home/lihao/workspace/opencv/SLAM/mycode/slamboot/ch11/pose_graph_ceres_rotatevector/cmake-build-debug/CMakeFiles/CMakeTmp'
Building C object CMakeFiles/cmTC_10d59.dir/CheckSymbolExists.c.o
/usr/bin/cc    -o CMakeFiles/cmTC_10d59.dir/CheckSymbolExists.c.o   -c /home/lihao/workspace/opencv/SLAM/mycode/slamboot/ch11/pose_graph_ceres_rotatevector/cmake-build-debug/CMakeFiles/CMakeTmp/CheckSymbolExists.c
Linking C executable cmTC_10d59
/home/lihao/software/clion-2018.3.4/bin/cmake/linux/bin/cmake -E cmake_link_script CMakeFiles/cmTC_10d59.dir/link.txt --verbose=1
/usr/bin/cc      CMakeFiles/cmTC_10d59.dir/CheckSymbolExists.c.o  -o cmTC_10d59 
CMakeFiles/cmTC_10d59.dir/CheckSymbolExists.c.o: In function `main':
CheckSymbolExists.c:(.text+0x16): undefined reference to `pthread_create'
collect2: error: ld returned 1 exit status
CMakeFiles/cmTC_10d59.dir/build.make:86: recipe for target 'cmTC_10d59' failed
make[1]: *** [cmTC_10d59] Error 1
make[1]: Leaving directory '/home/lihao/workspace/opencv/SLAM/mycode/slamboot/ch11/pose_graph_ceres_rotatevector/cmake-build-debug/CMakeFiles/CMakeTmp'
Makefile:121: recipe for target 'cmTC_10d59/fast' failed
make: *** [cmTC_10d59/fast] Error 2

File /home/lihao/workspace/opencv/SLAM/mycode/slamboot/ch11/pose_graph_ceres_rotatevector/cmake-build-debug/CMakeFiles/CMakeTmp/CheckSymbolExists.c:
/* */
#include <pthread.h>

int main(int argc, char** argv)
{
  (void)argv;
#ifndef pthread_create
  return ((int*)(&pthread_create))[argc];
#else
  (void)argc;
  return 0;
#endif
}

Determining if the function pthread_create exists in the pthreads failed with the following output:
Change Dir: /home/lihao/workspace/opencv/SLAM/mycode/slamboot/ch11/pose_graph_ceres_rotatevector/cmake-build-debug/CMakeFiles/CMakeTmp

Run Build Command:"/usr/bin/make" "cmTC_aec80/fast"
/usr/bin/make -f CMakeFiles/cmTC_aec80.dir/build.make CMakeFiles/cmTC_aec80.dir/build
make[1]: Entering directory '/home/lihao/workspace/opencv/SLAM/mycode/slamboot/ch11/pose_graph_ceres_rotatevector/cmake-build-debug/CMakeFiles/CMakeTmp'
Building C object CMakeFiles/cmTC_aec80.dir/CheckFunctionExists.c.o
/usr/bin/cc   -DCHECK_FUNCTION_EXISTS=pthread_create   -o CMakeFiles/cmTC_aec80.dir/CheckFunctionExists.c.o   -c /home/lihao/software/clion-2018.3.4/bin/cmake/linux/share/cmake-3.13/Modules/CheckFunctionExists.c
Linking C executable cmTC_aec80
/home/lihao/software/clion-2018.3.4/bin/cmake/linux/bin/cmake -E cmake_link_script CMakeFiles/cmTC_aec80.dir/link.txt --verbose=1
/usr/bin/cc  -DCHECK_FUNCTION_EXISTS=pthread_create    CMakeFiles/cmTC_aec80.dir/CheckFunctionExists.c.o  -o cmTC_aec80 -lpthreads 
/usr/bin/ld: cannot find -lpthreads
collect2: error: ld returned 1 exit status
CMakeFiles/cmTC_aec80.dir/build.make:86: recipe for target 'cmTC_aec80' failed
make[1]: *** [cmTC_aec80] Error 1
make[1]: Leaving directory '/home/lihao/workspace/opencv/SLAM/mycode/slamboot/ch11/pose_graph_ceres_rotatevector/cmake-build-debug/CMakeFiles/CMakeTmp'
Makefile:121: recipe for target 'cmTC_aec80/fast' failed
make: *** [cmTC_aec80/fast] Error 2


