Determining if the pthread_create exist failed with the following output:
Change Dir: /home/lihao/workspace/opencv/SLAM/mycode/slamboot/ch13/dense_rgbd_pointcloud/cmake-build-debug/CMakeFiles/CMakeTmp

Run Build Command:"/usr/bin/make" "cmTC_b6e78/fast"
/usr/bin/make -f CMakeFiles/cmTC_b6e78.dir/build.make CMakeFiles/cmTC_b6e78.dir/build
make[1]: Entering directory '/home/lihao/workspace/opencv/SLAM/mycode/slamboot/ch13/dense_rgbd_pointcloud/cmake-build-debug/CMakeFiles/CMakeTmp'
Building C object CMakeFiles/cmTC_b6e78.dir/CheckSymbolExists.c.o
/usr/bin/cc    -o CMakeFiles/cmTC_b6e78.dir/CheckSymbolExists.c.o   -c /home/lihao/workspace/opencv/SLAM/mycode/slamboot/ch13/dense_rgbd_pointcloud/cmake-build-debug/CMakeFiles/CMakeTmp/CheckSymbolExists.c
Linking C executable cmTC_b6e78
/home/lihao/software/clion-2018.3.4/bin/cmake/linux/bin/cmake -E cmake_link_script CMakeFiles/cmTC_b6e78.dir/link.txt --verbose=1
/usr/bin/cc      CMakeFiles/cmTC_b6e78.dir/CheckSymbolExists.c.o  -o cmTC_b6e78 
CMakeFiles/cmTC_b6e78.dir/CheckSymbolExists.c.o: In function `main':
CheckSymbolExists.c:(.text+0x16): undefined reference to `pthread_create'
collect2: error: ld returned 1 exit status
CMakeFiles/cmTC_b6e78.dir/build.make:86: recipe for target 'cmTC_b6e78' failed
make[1]: *** [cmTC_b6e78] Error 1
make[1]: Leaving directory '/home/lihao/workspace/opencv/SLAM/mycode/slamboot/ch13/dense_rgbd_pointcloud/cmake-build-debug/CMakeFiles/CMakeTmp'
Makefile:121: recipe for target 'cmTC_b6e78/fast' failed
make: *** [cmTC_b6e78/fast] Error 2

File /home/lihao/workspace/opencv/SLAM/mycode/slamboot/ch13/dense_rgbd_pointcloud/cmake-build-debug/CMakeFiles/CMakeTmp/CheckSymbolExists.c:
/* */
#include <pthread.h>

int main(int argc, char** argv)
{
  (void)argv;
#ifndef pthread_create
  return ((int*)(&pthread_create))[argc];
#else
  (void)argc;
  return 0;
#endif
}

Determining if the function pthread_create exists in the pthreads failed with the following output:
Change Dir: /home/lihao/workspace/opencv/SLAM/mycode/slamboot/ch13/dense_rgbd_pointcloud/cmake-build-debug/CMakeFiles/CMakeTmp

Run Build Command:"/usr/bin/make" "cmTC_5faf0/fast"
/usr/bin/make -f CMakeFiles/cmTC_5faf0.dir/build.make CMakeFiles/cmTC_5faf0.dir/build
make[1]: Entering directory '/home/lihao/workspace/opencv/SLAM/mycode/slamboot/ch13/dense_rgbd_pointcloud/cmake-build-debug/CMakeFiles/CMakeTmp'
Building C object CMakeFiles/cmTC_5faf0.dir/CheckFunctionExists.c.o
/usr/bin/cc   -DCHECK_FUNCTION_EXISTS=pthread_create   -o CMakeFiles/cmTC_5faf0.dir/CheckFunctionExists.c.o   -c /home/lihao/software/clion-2018.3.4/bin/cmake/linux/share/cmake-3.13/Modules/CheckFunctionExists.c
Linking C executable cmTC_5faf0
/home/lihao/software/clion-2018.3.4/bin/cmake/linux/bin/cmake -E cmake_link_script CMakeFiles/cmTC_5faf0.dir/link.txt --verbose=1
/usr/bin/cc  -DCHECK_FUNCTION_EXISTS=pthread_create    CMakeFiles/cmTC_5faf0.dir/CheckFunctionExists.c.o  -o cmTC_5faf0 -lpthreads 
/usr/bin/ld: cannot find -lpthreads
collect2: error: ld returned 1 exit status
CMakeFiles/cmTC_5faf0.dir/build.make:86: recipe for target 'cmTC_5faf0' failed
make[1]: *** [cmTC_5faf0] Error 1
make[1]: Leaving directory '/home/lihao/workspace/opencv/SLAM/mycode/slamboot/ch13/dense_rgbd_pointcloud/cmake-build-debug/CMakeFiles/CMakeTmp'
Makefile:121: recipe for target 'cmTC_5faf0/fast' failed
make: *** [cmTC_5faf0/fast] Error 2


