Determining if the pthread_create exist failed with the following output:
Change Dir: /home/lihao/workspace/opencv/SLAM/mycode/slamboot/ch7/pose_estimation_3d2d_ceres/cmake-build-debug/CMakeFiles/CMakeTmp

Run Build Command:"/usr/bin/make" "cmTC_df7b3/fast"
/usr/bin/make -f CMakeFiles/cmTC_df7b3.dir/build.make CMakeFiles/cmTC_df7b3.dir/build
make[1]: Entering directory '/home/lihao/workspace/opencv/SLAM/mycode/slamboot/ch7/pose_estimation_3d2d_ceres/cmake-build-debug/CMakeFiles/CMakeTmp'
Building C object CMakeFiles/cmTC_df7b3.dir/CheckSymbolExists.c.o
/usr/bin/cc    -o CMakeFiles/cmTC_df7b3.dir/CheckSymbolExists.c.o   -c /home/lihao/workspace/opencv/SLAM/mycode/slamboot/ch7/pose_estimation_3d2d_ceres/cmake-build-debug/CMakeFiles/CMakeTmp/CheckSymbolExists.c
Linking C executable cmTC_df7b3
/home/lihao/software/clion-2018.3.4/bin/cmake/linux/bin/cmake -E cmake_link_script CMakeFiles/cmTC_df7b3.dir/link.txt --verbose=1
/usr/bin/cc      CMakeFiles/cmTC_df7b3.dir/CheckSymbolExists.c.o  -o cmTC_df7b3 
CMakeFiles/cmTC_df7b3.dir/CheckSymbolExists.c.o: In function `main':
CheckSymbolExists.c:(.text+0x16): undefined reference to `pthread_create'
collect2: error: ld returned 1 exit status
CMakeFiles/cmTC_df7b3.dir/build.make:86: recipe for target 'cmTC_df7b3' failed
make[1]: *** [cmTC_df7b3] Error 1
make[1]: Leaving directory '/home/lihao/workspace/opencv/SLAM/mycode/slamboot/ch7/pose_estimation_3d2d_ceres/cmake-build-debug/CMakeFiles/CMakeTmp'
Makefile:121: recipe for target 'cmTC_df7b3/fast' failed
make: *** [cmTC_df7b3/fast] Error 2

File /home/lihao/workspace/opencv/SLAM/mycode/slamboot/ch7/pose_estimation_3d2d_ceres/cmake-build-debug/CMakeFiles/CMakeTmp/CheckSymbolExists.c:
/* */
#include <pthread.h>

int main(int argc, char** argv)
{
  (void)argv;
#ifndef pthread_create
  return ((int*)(&pthread_create))[argc];
#else
  (void)argc;
  return 0;
#endif
}

Determining if the function pthread_create exists in the pthreads failed with the following output:
Change Dir: /home/lihao/workspace/opencv/SLAM/mycode/slamboot/ch7/pose_estimation_3d2d_ceres/cmake-build-debug/CMakeFiles/CMakeTmp

Run Build Command:"/usr/bin/make" "cmTC_0a63c/fast"
/usr/bin/make -f CMakeFiles/cmTC_0a63c.dir/build.make CMakeFiles/cmTC_0a63c.dir/build
make[1]: Entering directory '/home/lihao/workspace/opencv/SLAM/mycode/slamboot/ch7/pose_estimation_3d2d_ceres/cmake-build-debug/CMakeFiles/CMakeTmp'
Building C object CMakeFiles/cmTC_0a63c.dir/CheckFunctionExists.c.o
/usr/bin/cc   -DCHECK_FUNCTION_EXISTS=pthread_create   -o CMakeFiles/cmTC_0a63c.dir/CheckFunctionExists.c.o   -c /home/lihao/software/clion-2018.3.4/bin/cmake/linux/share/cmake-3.13/Modules/CheckFunctionExists.c
Linking C executable cmTC_0a63c
/home/lihao/software/clion-2018.3.4/bin/cmake/linux/bin/cmake -E cmake_link_script CMakeFiles/cmTC_0a63c.dir/link.txt --verbose=1
/usr/bin/cc  -DCHECK_FUNCTION_EXISTS=pthread_create    CMakeFiles/cmTC_0a63c.dir/CheckFunctionExists.c.o  -o cmTC_0a63c -lpthreads 
/usr/bin/ld: cannot find -lpthreads
collect2: error: ld returned 1 exit status
CMakeFiles/cmTC_0a63c.dir/build.make:86: recipe for target 'cmTC_0a63c' failed
make[1]: *** [cmTC_0a63c] Error 1
make[1]: Leaving directory '/home/lihao/workspace/opencv/SLAM/mycode/slamboot/ch7/pose_estimation_3d2d_ceres/cmake-build-debug/CMakeFiles/CMakeTmp'
Makefile:121: recipe for target 'cmTC_0a63c/fast' failed
make: *** [cmTC_0a63c/fast] Error 2


